2025-03-21T18:21:14.953+05:30  INFO 27032 --- [BookStoreApp] [main] o.s.b.w.embedded.tomcat.TomcatWebServer  : Tomcat started on port 8082 (http) with context path '/'
2025-03-21T18:21:14.964+05:30  INFO 27032 --- [BookStoreApp] [main] c.d.B.BookStoreAppApplication            : Started BookStoreAppApplication in 3.22 seconds (process running for 3.684)
2025-03-21T18:21:29.835+05:30  INFO 27032 --- [BookStoreApp] [http-nio-8082-exec-1] o.a.c.c.C.[Tomcat].[localhost].[/]       : Initializing Spring DispatcherServlet 'dispatcherServlet'
2025-03-21T18:21:29.835+05:30  INFO 27032 --- [BookStoreApp] [http-nio-8082-exec-1] o.s.web.servlet.DispatcherServlet        : Initializing Servlet 'dispatcherServlet'
2025-03-21T18:21:29.839+05:30  INFO 27032 --- [BookStoreApp] [http-nio-8082-exec-1] o.s.web.servlet.DispatcherServlet        : Completed initialization in 0 ms
2025-03-21T18:21:29.867+05:30  INFO 27032 --- [BookStoreApp] [http-nio-8082-exec-1] c.d.B.controller.BookController          : Request to fetch all books
2025-03-21T18:21:29.867+05:30  INFO 27032 --- [BookStoreApp] [http-nio-8082-exec-1] c.d.B.controller.BookController          : Book fetched successfully
2025-03-21T18:22:46.825+05:30  INFO 27032 --- [BookStoreApp] [http-nio-8082-exec-5] c.d.B.controller.BookController          : Request to fetch book with ID: 6
2025-03-21T18:22:46.851+05:30  INFO 27032 --- [BookStoreApp] [http-nio-8082-exec-5] c.d.B.controller.BookController          : Book fetched successfully: Book [id=6, title=Harry Potter, author=J.K Rowling, price=700.00, publishedDate=1997-06-26]
2025-03-21T18:27:37.516+05:30  INFO 27032 --- [BookStoreApp] [http-nio-8082-exec-8] c.d.B.controller.BookController          : Reequest to add a new book: Book [id=null, title=Harry Potter, author=J.K Rowling, price=500.00, publishedDate=1997-06-26]
2025-03-21T18:27:37.627+05:30  INFO 27032 --- [BookStoreApp] [http-nio-8082-exec-8] c.d.B.controller.BookController          : Book added successfully with ID: 9
2025-03-21T18:31:49.083+05:30  INFO 18932 --- [BookStoreApp] [main] c.d.B.BookStoreAppApplication            : Starting BookStoreAppApplication using Java 21.0.2 with PID 18932 (C:\Users\Swast\eclipse-workspace\BookStoreApp\target\classes started by Swast in C:\Users\Swast\eclipse-workspace\BookStoreApp)
2025-03-21T18:31:49.085+05:30  INFO 18932 --- [BookStoreApp] [main] c.d.B.BookStoreAppApplication            : No active profile set, falling back to 1 default profile: "default"
2025-03-21T18:31:49.602+05:30  INFO 18932 --- [BookStoreApp] [main] .s.d.r.c.RepositoryConfigurationDelegate : Bootstrapping Spring Data JPA repositories in DEFAULT mode.
2025-03-21T18:31:49.647+05:30  INFO 18932 --- [BookStoreApp] [main] .s.d.r.c.RepositoryConfigurationDelegate : Finished Spring Data repository scanning in 36 ms. Found 1 JPA repository interface.
2025-03-21T18:31:50.081+05:30  INFO 18932 --- [BookStoreApp] [main] o.s.b.w.embedded.tomcat.TomcatWebServer  : Tomcat initialized with port 8082 (http)
2025-03-21T18:31:50.094+05:30  INFO 18932 --- [BookStoreApp] [main] o.apache.catalina.core.StandardService   : Starting service [Tomcat]
2025-03-21T18:31:50.095+05:30  INFO 18932 --- [BookStoreApp] [main] o.apache.catalina.core.StandardEngine    : Starting Servlet engine: [Apache Tomcat/10.1.36]
2025-03-21T18:31:50.134+05:30  INFO 18932 --- [BookStoreApp] [main] o.a.c.c.C.[Tomcat].[localhost].[/]       : Initializing Spring embedded WebApplicationContext
2025-03-21T18:31:50.134+05:30  INFO 18932 --- [BookStoreApp] [main] w.s.c.ServletWebServerApplicationContext : Root WebApplicationContext: initialization completed in 1006 ms
2025-03-21T18:31:50.258+05:30  INFO 18932 --- [BookStoreApp] [main] o.hibernate.jpa.internal.util.LogHelper  : HHH000204: Processing PersistenceUnitInfo [name: default]
2025-03-21T18:31:50.305+05:30  INFO 18932 --- [BookStoreApp] [main] org.hibernate.Version                    : HHH000412: Hibernate ORM core version 6.6.8.Final
2025-03-21T18:31:50.343+05:30  INFO 18932 --- [BookStoreApp] [main] o.h.c.internal.RegionFactoryInitiator    : HHH000026: Second-level cache disabled
2025-03-21T18:31:50.588+05:30  INFO 18932 --- [BookStoreApp] [main] o.s.o.j.p.SpringPersistenceUnitInfo      : No LoadTimeWeaver setup: ignoring JPA class transformer
2025-03-21T18:31:50.617+05:30  INFO 18932 --- [BookStoreApp] [main] com.zaxxer.hikari.HikariDataSource       : HikariPool-1 - Starting...
2025-03-21T18:31:50.889+05:30  INFO 18932 --- [BookStoreApp] [main] com.zaxxer.hikari.pool.HikariPool        : HikariPool-1 - Added connection com.mysql.cj.jdbc.ConnectionImpl@686b1e2d
2025-03-21T18:31:50.892+05:30  INFO 18932 --- [BookStoreApp] [main] com.zaxxer.hikari.HikariDataSource       : HikariPool-1 - Start completed.
2025-03-21T18:31:50.949+05:30  WARN 18932 --- [BookStoreApp] [main] org.hibernate.orm.deprecation            : HHH90000025: MySQLDialect does not need to be specified explicitly using 'hibernate.dialect' (remove the property setting and it will be selected by default)
2025-03-21T18:31:50.966+05:30  INFO 18932 --- [BookStoreApp] [main] org.hibernate.orm.connections.pooling    : HHH10001005: Database info:
	Database JDBC URL [Connecting through datasource 'HikariDataSource (HikariPool-1)']
	Database driver: undefined/unknown
	Database version: 8.0.36
	Autocommit mode: undefined/unknown
	Isolation level: undefined/unknown
	Minimum pool size: undefined/unknown
	Maximum pool size: undefined/unknown
2025-03-21T18:31:51.633+05:30  INFO 18932 --- [BookStoreApp] [main] o.h.e.t.j.p.i.JtaPlatformInitiator       : HHH000489: No JTA platform available (set 'hibernate.transaction.jta.platform' to enable JTA platform integration)
2025-03-21T18:31:51.691+05:30  INFO 18932 --- [BookStoreApp] [main] j.LocalContainerEntityManagerFactoryBean : Initialized JPA EntityManagerFactory for persistence unit 'default'
2025-03-21T18:31:51.911+05:30  WARN 18932 --- [BookStoreApp] [main] JpaBaseConfiguration$JpaWebConfiguration : spring.jpa.open-in-view is enabled by default. Therefore, database queries may be performed during view rendering. Explicitly configure spring.jpa.open-in-view to disable this warning
2025-03-21T18:31:52.207+05:30  WARN 18932 --- [BookStoreApp] [main] ConfigServletWebServerApplicationContext : Exception encountered during context initialization - cancelling refresh attempt: org.springframework.context.ApplicationContextException: Failed to start bean 'webServerStartStop'
2025-03-21T18:31:52.210+05:30  INFO 18932 --- [BookStoreApp] [main] j.LocalContainerEntityManagerFactoryBean : Closing JPA EntityManagerFactory for persistence unit 'default'
2025-03-21T18:31:52.212+05:30  INFO 18932 --- [BookStoreApp] [main] com.zaxxer.hikari.HikariDataSource       : HikariPool-1 - Shutdown initiated...
2025-03-21T18:31:52.221+05:30  INFO 18932 --- [BookStoreApp] [main] com.zaxxer.hikari.HikariDataSource       : HikariPool-1 - Shutdown completed.
2025-03-21T18:31:52.234+05:30  INFO 18932 --- [BookStoreApp] [main] .s.b.a.l.ConditionEvaluationReportLogger : 

Error starting ApplicationContext. To display the condition evaluation report re-run your application with 'debug' enabled.
2025-03-21T18:31:52.254+05:30 ERROR 18932 --- [BookStoreApp] [main] o.s.b.d.LoggingFailureAnalysisReporter   : 

***************************
APPLICATION FAILED TO START
***************************

Description:

Web server failed to start. Port 8082 was already in use.

Action:

Identify and stop the process that's listening on port 8082 or configure this application to listen on another port.

2025-03-21T18:31:57.249+05:30  INFO 27032 --- [BookStoreApp] [RMI TCP Connection(14)-127.0.0.1] inMXBeanRegistrar$SpringApplicationAdmin : Application shutdown requested.
2025-03-21T18:31:57.253+05:30  INFO 27032 --- [BookStoreApp] [RMI TCP Connection(14)-127.0.0.1] o.s.b.w.e.tomcat.GracefulShutdown        : Commencing graceful shutdown. Waiting for active requests to complete
2025-03-21T18:31:57.267+05:30  INFO 27032 --- [BookStoreApp] [tomcat-shutdown] o.s.b.w.e.tomcat.GracefulShutdown        : Graceful shutdown complete
2025-03-21T18:31:57.270+05:30  INFO 27032 --- [BookStoreApp] [RMI TCP Connection(14)-127.0.0.1] j.LocalContainerEntityManagerFactoryBean : Closing JPA EntityManagerFactory for persistence unit 'default'
2025-03-21T18:31:57.272+05:30  INFO 27032 --- [BookStoreApp] [RMI TCP Connection(14)-127.0.0.1] com.zaxxer.hikari.HikariDataSource       : HikariPool-1 - Shutdown initiated...
2025-03-21T18:31:57.279+05:30  INFO 27032 --- [BookStoreApp] [RMI TCP Connection(14)-127.0.0.1] com.zaxxer.hikari.HikariDataSource       : HikariPool-1 - Shutdown completed.
