2025-03-22T13:19:01.771+05:30 ERROR 10736 --- [BookStoreApp] [main] o.s.b.d.LoggingFailureAnalysisReporter   : 

***************************
APPLICATION FAILED TO START
***************************

Description:

Web server failed to start. Port 9091 was already in use.

Action:

Identify and stop the process that's listening on port 9091 or configure this application to listen on another port.

2025-03-22T13:23:14.430+05:30  INFO 23336 --- [BookStoreApp] [main] c.d.B.BookStoreAppApplication            : Starting BookStoreAppApplication using Java 23.0.2 with PID 23336 (D:\Downloads\BookLogging\BookStoreApp\target\classes started by thanu in D:\Downloads\BookLogging\BookStoreApp)
2025-03-22T13:23:14.487+05:30  INFO 23336 --- [BookStoreApp] [main] c.d.B.BookStoreAppApplication            : No active profile set, falling back to 1 default profile: "default"
2025-03-22T13:23:16.024+05:30  INFO 23336 --- [BookStoreApp] [main] .s.d.r.c.RepositoryConfigurationDelegate : Bootstrapping Spring Data JPA repositories in DEFAULT mode.
2025-03-22T13:23:16.096+05:30  INFO 23336 --- [BookStoreApp] [main] .s.d.r.c.RepositoryConfigurationDelegate : Finished Spring Data repository scanning in 58 ms. Found 1 JPA repository interface.
2025-03-22T13:23:17.011+05:30  INFO 23336 --- [BookStoreApp] [main] o.s.b.w.embedded.tomcat.TomcatWebServer  : Tomcat initialized with port 9092 (http)
2025-03-22T13:23:17.037+05:30  INFO 23336 --- [BookStoreApp] [main] o.apache.catalina.core.StandardService   : Starting service [Tomcat]
2025-03-22T13:23:17.038+05:30  INFO 23336 --- [BookStoreApp] [main] o.apache.catalina.core.StandardEngine    : Starting Servlet engine: [Apache Tomcat/10.1.36]
2025-03-22T13:23:17.124+05:30  INFO 23336 --- [BookStoreApp] [main] o.a.c.c.C.[Tomcat].[localhost].[/]       : Initializing Spring embedded WebApplicationContext
2025-03-22T13:23:17.124+05:30  INFO 23336 --- [BookStoreApp] [main] w.s.c.ServletWebServerApplicationContext : Root WebApplicationContext: initialization completed in 2450 ms
2025-03-22T13:23:17.607+05:30  INFO 23336 --- [BookStoreApp] [main] o.hibernate.jpa.internal.util.LogHelper  : HHH000204: Processing PersistenceUnitInfo [name: default]
2025-03-22T13:23:17.718+05:30  INFO 23336 --- [BookStoreApp] [main] org.hibernate.Version                    : HHH000412: Hibernate ORM core version 6.6.8.Final
2025-03-22T13:23:17.776+05:30  INFO 23336 --- [BookStoreApp] [main] o.h.c.internal.RegionFactoryInitiator    : HHH000026: Second-level cache disabled
2025-03-22T13:23:18.122+05:30  INFO 23336 --- [BookStoreApp] [main] o.s.o.j.p.SpringPersistenceUnitInfo      : No LoadTimeWeaver setup: ignoring JPA class transformer
2025-03-22T13:23:18.173+05:30  INFO 23336 --- [BookStoreApp] [main] com.zaxxer.hikari.HikariDataSource       : HikariPool-1 - Starting...
2025-03-22T13:23:18.695+05:30  INFO 23336 --- [BookStoreApp] [main] com.zaxxer.hikari.pool.HikariPool        : HikariPool-1 - Added connection com.mysql.cj.jdbc.ConnectionImpl@67b3960b
2025-03-22T13:23:18.698+05:30  INFO 23336 --- [BookStoreApp] [main] com.zaxxer.hikari.HikariDataSource       : HikariPool-1 - Start completed.
2025-03-22T13:23:18.772+05:30  WARN 23336 --- [BookStoreApp] [main] org.hibernate.orm.deprecation            : HHH90000025: MySQLDialect does not need to be specified explicitly using 'hibernate.dialect' (remove the property setting and it will be selected by default)
2025-03-22T13:23:18.807+05:30  INFO 23336 --- [BookStoreApp] [main] org.hibernate.orm.connections.pooling    : HHH10001005: Database info:
	Database JDBC URL [Connecting through datasource 'HikariDataSource (HikariPool-1)']
	Database driver: undefined/unknown
	Database version: 8.0.41
	Autocommit mode: undefined/unknown
	Isolation level: undefined/unknown
	Minimum pool size: undefined/unknown
	Maximum pool size: undefined/unknown
2025-03-22T13:23:19.703+05:30  INFO 23336 --- [BookStoreApp] [main] o.h.e.t.j.p.i.JtaPlatformInitiator       : HHH000489: No JTA platform available (set 'hibernate.transaction.jta.platform' to enable JTA platform integration)
2025-03-22T13:23:19.753+05:30  INFO 23336 --- [BookStoreApp] [main] j.LocalContainerEntityManagerFactoryBean : Initialized JPA EntityManagerFactory for persistence unit 'default'
2025-03-22T13:23:20.244+05:30  WARN 23336 --- [BookStoreApp] [main] JpaBaseConfiguration$JpaWebConfiguration : spring.jpa.open-in-view is enabled by default. Therefore, database queries may be performed during view rendering. Explicitly configure spring.jpa.open-in-view to disable this warning
2025-03-22T13:23:21.209+05:30  INFO 23336 --- [BookStoreApp] [main] o.s.b.a.e.web.EndpointLinksResolver      : Exposing 1 endpoint beneath base path '/actuator'
2025-03-22T13:23:21.343+05:30  INFO 23336 --- [BookStoreApp] [main] o.s.b.w.embedded.tomcat.TomcatWebServer  : Tomcat started on port 9092 (http) with context path '/'
2025-03-22T13:23:21.360+05:30  INFO 23336 --- [BookStoreApp] [main] c.d.B.BookStoreAppApplication            : Started BookStoreAppApplication in 8.327 seconds (process running for 8.761)
2025-03-22T13:23:30.193+05:30  INFO 23336 --- [BookStoreApp] [http-nio-9092-exec-1] o.a.c.c.C.[Tomcat].[localhost].[/]       : Initializing Spring DispatcherServlet 'dispatcherServlet'
