2025-03-22T13:18:55.579+05:30  INFO 10736 --- [BookStoreApp] [main] c.d.B.BookStoreAppApplication            : Starting BookStoreAppApplication using Java 23.0.2 with PID 10736 (D:\Downloads\BookLogging\BookStoreApp\target\classes started by thanu in D:\Downloads\BookLogging\BookStoreApp)
2025-03-22T13:18:55.584+05:30  INFO 10736 --- [BookStoreApp] [main] c.d.B.BookStoreAppApplication            : No active profile set, falling back to 1 default profile: "default"
2025-03-22T13:18:56.704+05:30  INFO 10736 --- [BookStoreApp] [main] .s.d.r.c.RepositoryConfigurationDelegate : Bootstrapping Spring Data JPA repositories in DEFAULT mode.
2025-03-22T13:18:56.785+05:30  INFO 10736 --- [BookStoreApp] [main] .s.d.r.c.RepositoryConfigurationDelegate : Finished Spring Data repository scanning in 66 ms. Found 1 JPA repository interface.
2025-03-22T13:18:57.691+05:30  INFO 10736 --- [BookStoreApp] [main] o.s.b.w.embedded.tomcat.TomcatWebServer  : Tomcat initialized with port 9091 (http)
2025-03-22T13:18:57.712+05:30  INFO 10736 --- [BookStoreApp] [main] o.apache.catalina.core.StandardService   : Starting service [Tomcat]
2025-03-22T13:18:57.712+05:30  INFO 10736 --- [BookStoreApp] [main] o.apache.catalina.core.StandardEngine    : Starting Servlet engine: [Apache Tomcat/10.1.36]
2025-03-22T13:18:57.794+05:30  INFO 10736 --- [BookStoreApp] [main] o.a.c.c.C.[Tomcat].[localhost].[/]       : Initializing Spring embedded WebApplicationContext
2025-03-22T13:18:57.795+05:30  INFO 10736 --- [BookStoreApp] [main] w.s.c.ServletWebServerApplicationContext : Root WebApplicationContext: initialization completed in 2133 ms
2025-03-22T13:18:58.269+05:30  INFO 10736 --- [BookStoreApp] [main] o.hibernate.jpa.internal.util.LogHelper  : HHH000204: Processing PersistenceUnitInfo [name: default]
2025-03-22T13:18:58.369+05:30  INFO 10736 --- [BookStoreApp] [main] org.hibernate.Version                    : HHH000412: Hibernate ORM core version 6.6.8.Final
2025-03-22T13:18:58.428+05:30  INFO 10736 --- [BookStoreApp] [main] o.h.c.internal.RegionFactoryInitiator    : HHH000026: Second-level cache disabled
2025-03-22T13:18:58.804+05:30  INFO 10736 --- [BookStoreApp] [main] o.s.o.j.p.SpringPersistenceUnitInfo      : No LoadTimeWeaver setup: ignoring JPA class transformer
2025-03-22T13:18:58.838+05:30  INFO 10736 --- [BookStoreApp] [main] com.zaxxer.hikari.HikariDataSource       : HikariPool-1 - Starting...
2025-03-22T13:18:59.233+05:30  INFO 10736 --- [BookStoreApp] [main] com.zaxxer.hikari.pool.HikariPool        : HikariPool-1 - Added connection com.mysql.cj.jdbc.ConnectionImpl@24258b54
2025-03-22T13:18:59.235+05:30  INFO 10736 --- [BookStoreApp] [main] com.zaxxer.hikari.HikariDataSource       : HikariPool-1 - Start completed.
2025-03-22T13:18:59.335+05:30  WARN 10736 --- [BookStoreApp] [main] org.hibernate.orm.deprecation            : HHH90000025: MySQLDialect does not need to be specified explicitly using 'hibernate.dialect' (remove the property setting and it will be selected by default)
2025-03-22T13:18:59.365+05:30  INFO 10736 --- [BookStoreApp] [main] org.hibernate.orm.connections.pooling    : HHH10001005: Database info:
	Database JDBC URL [Connecting through datasource 'HikariDataSource (HikariPool-1)']
	Database driver: undefined/unknown
	Database version: 8.0.41
	Autocommit mode: undefined/unknown
	Isolation level: undefined/unknown
	Minimum pool size: undefined/unknown
	Maximum pool size: undefined/unknown
2025-03-22T13:19:00.246+05:30  INFO 10736 --- [BookStoreApp] [main] o.h.e.t.j.p.i.JtaPlatformInitiator       : HHH000489: No JTA platform available (set 'hibernate.transaction.jta.platform' to enable JTA platform integration)
2025-03-22T13:19:00.366+05:30  INFO 10736 --- [BookStoreApp] [main] j.LocalContainerEntityManagerFactoryBean : Initialized JPA EntityManagerFactory for persistence unit 'default'
2025-03-22T13:19:00.793+05:30  WARN 10736 --- [BookStoreApp] [main] JpaBaseConfiguration$JpaWebConfiguration : spring.jpa.open-in-view is enabled by default. Therefore, database queries may be performed during view rendering. Explicitly configure spring.jpa.open-in-view to disable this warning
2025-03-22T13:19:01.591+05:30  INFO 10736 --- [BookStoreApp] [main] o.s.b.a.e.web.EndpointLinksResolver      : Exposing 1 endpoint beneath base path '/actuator'
2025-03-22T13:19:01.695+05:30  WARN 10736 --- [BookStoreApp] [main] ConfigServletWebServerApplicationContext : Exception encountered during context initialization - cancelling refresh attempt: org.springframework.context.ApplicationContextException: Failed to start bean 'webServerStartStop'
2025-03-22T13:19:01.697+05:30  INFO 10736 --- [BookStoreApp] [main] j.LocalContainerEntityManagerFactoryBean : Closing JPA EntityManagerFactory for persistence unit 'default'
2025-03-22T13:19:01.701+05:30  INFO 10736 --- [BookStoreApp] [main] com.zaxxer.hikari.HikariDataSource       : HikariPool-1 - Shutdown initiated...
2025-03-22T13:19:01.714+05:30  INFO 10736 --- [BookStoreApp] [main] com.zaxxer.hikari.HikariDataSource       : HikariPool-1 - Shutdown completed.
2025-03-22T13:19:01.743+05:30  INFO 10736 --- [BookStoreApp] [main] .s.b.a.l.ConditionEvaluationReportLogger : 

Error starting ApplicationContext. To display the condition evaluation report re-run your application with 'debug' enabled.
