2025-03-21T18:32:02.641+05:30  INFO 27268 --- [BookStoreApp] [main] c.d.B.BookStoreAppApplication            : Starting BookStoreAppApplication using Java 21.0.2 with PID 27268 (C:\Users\Swast\eclipse-workspace\BookStoreApp\target\classes started by Swast in C:\Users\Swast\eclipse-workspace\BookStoreApp)
2025-03-21T18:32:02.645+05:30  INFO 27268 --- [BookStoreApp] [main] c.d.B.BookStoreAppApplication            : No active profile set, falling back to 1 default profile: "default"
2025-03-21T18:32:03.204+05:30  INFO 27268 --- [BookStoreApp] [main] .s.d.r.c.RepositoryConfigurationDelegate : Bootstrapping Spring Data JPA repositories in DEFAULT mode.
2025-03-21T18:32:03.258+05:30  INFO 27268 --- [BookStoreApp] [main] .s.d.r.c.RepositoryConfigurationDelegate : Finished Spring Data repository scanning in 45 ms. Found 1 JPA repository interface.
2025-03-21T18:32:03.719+05:30  INFO 27268 --- [BookStoreApp] [main] o.s.b.w.embedded.tomcat.TomcatWebServer  : Tomcat initialized with port 8082 (http)
2025-03-21T18:32:03.738+05:30  INFO 27268 --- [BookStoreApp] [main] o.apache.catalina.core.StandardService   : Starting service [Tomcat]
2025-03-21T18:32:03.739+05:30  INFO 27268 --- [BookStoreApp] [main] o.apache.catalina.core.StandardEngine    : Starting Servlet engine: [Apache Tomcat/10.1.36]
2025-03-21T18:32:03.801+05:30  INFO 27268 --- [BookStoreApp] [main] o.a.c.c.C.[Tomcat].[localhost].[/]       : Initializing Spring embedded WebApplicationContext
2025-03-21T18:32:03.814+05:30  INFO 27268 --- [BookStoreApp] [main] w.s.c.ServletWebServerApplicationContext : Root WebApplicationContext: initialization completed in 1104 ms
2025-03-21T18:32:03.958+05:30  INFO 27268 --- [BookStoreApp] [main] o.hibernate.jpa.internal.util.LogHelper  : HHH000204: Processing PersistenceUnitInfo [name: default]
2025-03-21T18:32:04.000+05:30  INFO 27268 --- [BookStoreApp] [main] org.hibernate.Version                    : HHH000412: Hibernate ORM core version 6.6.8.Final
2025-03-21T18:32:04.034+05:30  INFO 27268 --- [BookStoreApp] [main] o.h.c.internal.RegionFactoryInitiator    : HHH000026: Second-level cache disabled
2025-03-21T18:32:04.277+05:30  INFO 27268 --- [BookStoreApp] [main] o.s.o.j.p.SpringPersistenceUnitInfo      : No LoadTimeWeaver setup: ignoring JPA class transformer
2025-03-21T18:32:04.299+05:30  INFO 27268 --- [BookStoreApp] [main] com.zaxxer.hikari.HikariDataSource       : HikariPool-1 - Starting...
2025-03-21T18:32:04.593+05:30  INFO 27268 --- [BookStoreApp] [main] com.zaxxer.hikari.pool.HikariPool        : HikariPool-1 - Added connection com.mysql.cj.jdbc.ConnectionImpl@23321be7
2025-03-21T18:32:04.594+05:30  INFO 27268 --- [BookStoreApp] [main] com.zaxxer.hikari.HikariDataSource       : HikariPool-1 - Start completed.
2025-03-21T18:32:04.646+05:30  WARN 27268 --- [BookStoreApp] [main] org.hibernate.orm.deprecation            : HHH90000025: MySQLDialect does not need to be specified explicitly using 'hibernate.dialect' (remove the property setting and it will be selected by default)
2025-03-21T18:32:04.660+05:30  INFO 27268 --- [BookStoreApp] [main] org.hibernate.orm.connections.pooling    : HHH10001005: Database info:
	Database JDBC URL [Connecting through datasource 'HikariDataSource (HikariPool-1)']
	Database driver: undefined/unknown
	Database version: 8.0.36
	Autocommit mode: undefined/unknown
	Isolation level: undefined/unknown
	Minimum pool size: undefined/unknown
	Maximum pool size: undefined/unknown
2025-03-21T18:32:05.301+05:30  INFO 27268 --- [BookStoreApp] [main] o.h.e.t.j.p.i.JtaPlatformInitiator       : HHH000489: No JTA platform available (set 'hibernate.transaction.jta.platform' to enable JTA platform integration)
2025-03-21T18:32:05.343+05:30  INFO 27268 --- [BookStoreApp] [main] j.LocalContainerEntityManagerFactoryBean : Initialized JPA EntityManagerFactory for persistence unit 'default'
2025-03-21T18:32:05.575+05:30  WARN 27268 --- [BookStoreApp] [main] JpaBaseConfiguration$JpaWebConfiguration : spring.jpa.open-in-view is enabled by default. Therefore, database queries may be performed during view rendering. Explicitly configure spring.jpa.open-in-view to disable this warning
2025-03-21T18:32:05.866+05:30  INFO 27268 --- [BookStoreApp] [main] o.s.b.w.embedded.tomcat.TomcatWebServer  : Tomcat started on port 8082 (http) with context path '/'
2025-03-21T18:32:05.875+05:30  INFO 27268 --- [BookStoreApp] [main] c.d.B.BookStoreAppApplication            : Started BookStoreAppApplication in 3.575 seconds (process running for 4.156)
2025-03-21T18:32:27.734+05:30  INFO 27268 --- [BookStoreApp] [http-nio-8082-exec-1] o.a.c.c.C.[Tomcat].[localhost].[/]       : Initializing Spring DispatcherServlet 'dispatcherServlet'
2025-03-21T18:32:27.735+05:30  INFO 27268 --- [BookStoreApp] [http-nio-8082-exec-1] o.s.web.servlet.DispatcherServlet        : Initializing Servlet 'dispatcherServlet'
2025-03-21T18:32:27.738+05:30  INFO 27268 --- [BookStoreApp] [http-nio-8082-exec-1] o.s.web.servlet.DispatcherServlet        : Completed initialization in 3 ms
2025-03-21T18:32:27.972+05:30  INFO 27268 --- [BookStoreApp] [http-nio-8082-exec-1] c.d.B.controller.BookController          : Reequest to add a new book: Book [id=null, title=Harry Potter, author=J.K Rowling, price=500.00, publishedDate=1997-06-26]
